#-----------------------------------------------------------
# Webtalk v2019.2 (64-bit)
# SW Build 2708876 on Wed Nov  6 21:40:23 MST 2019
# 
# Start of session at: Sat May  8 16:37:42 2021
# Process ID: 3700
# Current directory: E:/Wcc/DSP/FPGA_SDR/AntSDR_B220/ad936x_lvds_if/vitis/webtalk
# Command line: wbtcv.exe -mode batch -source vitis_webtalk.tcl
# Log file: E:/Wcc/DSP/FPGA_SDR/AntSDR_B220/ad936x_lvds_if/vitis/webtalk/webtalk.log
# Journal file: E:/Wcc/DSP/FPGA_SDR/AntSDR_B220/ad936x_lvds_if/vitis/webtalk\webtalk.jou
#-----------------------------------------------------------
source vitis_webtalk.tcl
# webtalk_init -webtalk_dir E:\\Wcc\\DSP\\FPGA_SDR\\AntSDR_B220\\ad936x_lvds_if\\vitis\\webtalk
# webtalk_register_client -client project
# webtalk_add_data -client project -key date_generated -value "2021-05-08 16:37:40" -context "software_version_and_target_device"
# webtalk_add_data -client project -key product_version -value "Vitis v2019.2" -context "software_version_and_target_device"
# webtalk_add_data -client project -key build_version -value "2019.2" -context "software_version_and_target_device"
# webtalk_add_data -client project -key os_platform -value "amd64" -context "software_version_and_target_device"
# webtalk_add_data -client project -key registration_id -value "NA" -context "software_version_and_target_device"
# webtalk_add_data -client project -key tool_flow -value "Vitis" -context "software_version_and_target_device"
# webtalk_add_data -client project -key beta -value "false" -context "software_version_and_target_device"
# webtalk_add_data -client project -key route_design -value "NA" -context "software_version_and_target_device"
# webtalk_add_data -client project -key target_family -value "NA" -context "software_version_and_target_device"
# webtalk_add_data -client project -key target_device -value "NA" -context "software_version_and_target_device"
# webtalk_add_data -client project -key target_package -value "NA" -context "software_version_and_target_device"
# webtalk_add_data -client project -key target_speed -value "NA" -context "software_version_and_target_device"
# webtalk_add_data -client project -key random_id -value "pr88bmr8ve8hgq28m8qakdnhle" -context "software_version_and_target_device"
# webtalk_add_data -client project -key project_id -value "2019.2_99" -context "software_version_and_target_device"
# webtalk_add_data -client project -key project_iteration -value "99" -context "software_version_and_target_device"
# webtalk_add_data -client project -key os_name -value "Microsoft Windows 8 or later , 64-bit" -context "user_environment"
# webtalk_add_data -client project -key os_release -value "major release  (build 9200)" -context "user_environment"
# webtalk_add_data -client project -key cpu_name -value "Intel(R) Core(TM) i5-8500 CPU @ 3.00GHz" -context "user_environment"
# webtalk_add_data -client project -key cpu_speed -value "3000 MHz" -context "user_environment"
# webtalk_add_data -client project -key total_processors -value "1" -context "user_environment"
# webtalk_add_data -client project -key system_ram -value "17.020 GB" -context "user_environment"
# webtalk_register_client -client vitis
# webtalk_add_data -client vitis -key uid -value "NA" -context "vitis\\\\tool/1620463060864"
# webtalk_add_data -client vitis -key RecordType -value "ToolUsage" -context "vitis\\\\tool/1620463060864"
# webtalk_add_data -client vitis -key BOOTGEN_count -value "0" -context "vitis\\\\tool/1620463060864"
# webtalk_add_data -client vitis -key FLASH_count -value "0" -context "vitis\\\\tool/1620463060864"
# webtalk_add_data -client vitis -key MOVE_APP_TO_SYSTEM_count -value "0" -context "vitis\\\\tool/1620463060864"
# webtalk_add_data -client vitis -key SDX_EXPORT_count -value "0" -context "vitis\\\\tool/1620463060864"
# webtalk_add_data -client vitis -key SDX_IMPORT_count -value "0" -context "vitis\\\\tool/1620463060864"
# webtalk_add_data -client vitis -key SDX_BUILD_count -value "0" -context "vitis\\\\tool/1620463060864"
# webtalk_add_data -client vitis -key SDX_NO_OP_BUILD_count -value "0" -context "vitis\\\\tool/1620463060864"
# webtalk_add_data -client vitis -key TCF_APP_DEBUG_count -value "39" -context "vitis\\\\tool/1620463060864"
# webtalk_add_data -client vitis -key TCF_SYSTEM_DEBUG_count -value "0" -context "vitis\\\\tool/1620463060864"
# webtalk_add_data -client vitis -key GDB_DEBUG_count -value "0" -context "vitis\\\\tool/1620463060864"
# webtalk_add_data -client vitis -key QEMU_DEBUG_count -value "0" -context "vitis\\\\tool/1620463060864"
# webtalk_add_data -client vitis -key ESTIMATION_DEBUG_count -value "0" -context "vitis\\\\tool/1620463060864"
# webtalk_add_data -client vitis -key SDSOC_TRACE_count -value "0" -context "vitis\\\\tool/1620463060864"
# webtalk_add_data -client vitis -key PERFORMANCE_ANALYSIS_count -value "0" -context "vitis\\\\tool/1620463060864"
# webtalk_add_data -client vitis -key SPM_ANALYSIS_count -value "0" -context "vitis\\\\tool/1620463060864"
# webtalk_add_data -client vitis -key CROSS_TRIGGER_count -value "0" -context "vitis\\\\tool/1620463060864"
# webtalk_add_data -client vitis -key TCF_PROFILER_count -value "0" -context "vitis\\\\tool/1620463060864"
# webtalk_add_data -client vitis -key APPLICATION_PLATFORM_CHANGE_count -value "1" -context "vitis\\\\tool/1620463060864"
# webtalk_add_data -client vitis -key APPLICATION_SYS_CONFIG_CHANGE_count -value "0" -context "vitis\\\\tool/1620463060864"
# webtalk_add_data -client vitis -key SYSTEM_PLATFORM_CHANGE_count -value "0" -context "vitis\\\\tool/1620463060864"
# webtalk_transmit -clientid 1905230259 -regid "" -xml E:\\Wcc\\DSP\\FPGA_SDR\\AntSDR_B220\\ad936x_lvds_if\\vitis\\webtalk\\usage_statistics_ext_vitis.xml -html E:\\Wcc\\DSP\\FPGA_SDR\\AntSDR_B220\\ad936x_lvds_if\\vitis\\webtalk\\usage_statistics_ext_vitis.html -wdm E:\\Wcc\\DSP\\FPGA_SDR\\AntSDR_B220\\ad936x_lvds_if\\vitis\\webtalk\\vitis_webtalk.wdm -intro "<H3>Vitis Usage Report</H3><BR>"
INFO: [Common 17-186] 'E:\Wcc\DSP\FPGA_SDR\AntSDR_B220\ad936x_lvds_if\vitis\webtalk\usage_statistics_ext_vitis.xml' has been successfully sent to Xilinx on Sat May  8 16:37:50 2021. For additional details about this file, please refer to the WebTalk help file at C:/Xilinx/Vitis/2019.2/doc/webtalk_introduction.html.
webtalk_transmit: Time (s): cpu = 00:00:00 ; elapsed = 00:00:06 . Memory (MB): peak = 92.582 ; gain = 0.000
# webtalk_terminate
INFO: [Common 17-206] Exiting Webtalk at Sat May  8 16:37:50 2021...
