Copyright 1986-2019 Xilinx, Inc. All Rights Reserved.
------------------------------------------------------------------------------------
| Tool Version : Vivado v.2019.2 (win64) Build 2708876 Wed Nov  6 21:40:23 MST 2019
| Date         : Sat May  8 16:00:58 2021
| Host         : DESKTOP-8PAFVVI running 64-bit major release  (build 9200)
| Command      : upgrade_ip
| Device       : xc7z020clg400-2
------------------------------------------------------------------------------------

Upgrade Log for IP 'design_1_ad9363_test_0_0'

1. Summary
----------

SUCCESS in the upgrade of design_1_ad9363_test_0_0 (xilinx.com:user:ad9363_test:1.0) from (Rev. 8) to (Rev. 9)






Copyright 1986-2019 Xilinx, Inc. All Rights Reserved.
------------------------------------------------------------------------------------
| Tool Version : Vivado v.2019.2 (win64) Build 2708876 Wed Nov  6 21:40:23 MST 2019
| Date         : Sat May  8 15:39:19 2021
| Host         : DESKTOP-8PAFVVI running 64-bit major release  (build 9200)
| Command      : upgrade_ip
| Device       : xc7z020clg400-2
------------------------------------------------------------------------------------

Upgrade Log for IP 'design_1_ad9363_test_0_0'

1. Summary
----------

SUCCESS in the upgrade of design_1_ad9363_test_0_0 (xilinx.com:user:ad9363_test:1.0) from (Rev. 7) to (Rev. 8)






Copyright 1986-2019 Xilinx, Inc. All Rights Reserved.
------------------------------------------------------------------------------------
| Tool Version : Vivado v.2019.2 (win64) Build 2708876 Wed Nov  6 21:40:23 MST 2019
| Date         : Sat May  8 15:25:44 2021
| Host         : DESKTOP-8PAFVVI running 64-bit major release  (build 9200)
| Command      : upgrade_ip
| Device       : xc7z020clg400-2
------------------------------------------------------------------------------------

Upgrade Log for IP 'design_1_ad9363_test_0_0'

1. Summary
----------

SUCCESS in the upgrade of design_1_ad9363_test_0_0 (xilinx.com:user:ad9363_test:1.0) from (Rev. 6) to (Rev. 7)






Copyright 1986-2019 Xilinx, Inc. All Rights Reserved.
------------------------------------------------------------------------------------
| Tool Version : Vivado v.2019.2 (win64) Build 2708876 Wed Nov  6 21:40:23 MST 2019
| Date         : Sat May  8 14:50:59 2021
| Host         : DESKTOP-8PAFVVI running 64-bit major release  (build 9200)
| Command      : upgrade_ip
| Device       : xc7z020clg400-2
------------------------------------------------------------------------------------

Upgrade Log for IP 'design_1_axi_lite_to_user_0_0'

1. Summary
----------

CAUTION (success, with warnings) in the upgrade of design_1_axi_lite_to_user_0_0 (xilinx.com:user:axi_lite_to_user:1.0) from (Rev. 3) to (Rev. 4)

After upgrade, an IP may have parameter and port differences compared to the original customization. Please review the parameters within the IP customization GUI to ensure proper functionality. Also, please review the updated IP instantiation template to ensure proper connectivity, and update your design if required.

2. Connection Warnings
----------------------

Detected external port differences while upgrading 'design_1_axi_lite_to_user_0_0'. These changes may impact your design.


-Upgrade has added port 'mode_1r1t'







Copyright 1986-2019 Xilinx, Inc. All Rights Reserved.
------------------------------------------------------------------------------------
| Tool Version : Vivado v.2019.2 (win64) Build 2708876 Wed Nov  6 21:40:23 MST 2019
| Date         : Sat May  8 14:47:49 2021
| Host         : DESKTOP-8PAFVVI running 64-bit major release  (build 9200)
| Command      : upgrade_ip
| Device       : xc7z020clg400-2
------------------------------------------------------------------------------------

Upgrade Log for IP 'design_1_ad9363_test_0_0'

1. Summary
----------

CAUTION (success, with warnings) in the upgrade of design_1_ad9363_test_0_0 (xilinx.com:user:ad9363_test:1.0) from (Rev. 5) to (Rev. 6)

After upgrade, an IP may have parameter and port differences compared to the original customization. Please review the parameters within the IP customization GUI to ensure proper functionality. Also, please review the updated IP instantiation template to ensure proper connectivity, and update your design if required.

2. Connection Warnings
----------------------

Detected external port differences while upgrading 'design_1_ad9363_test_0_0'. These changes may impact your design.


-Upgrade has added port 'adc_data_i1'

-Upgrade has added port 'adc_data_q1'

-Upgrade has added port 'dac_data_i1'

-Upgrade has added port 'dac_data_q1'

-Upgrade has added port 'mode_1r1t'







Copyright 1986-2019 Xilinx, Inc. All Rights Reserved.
------------------------------------------------------------------------------------
| Tool Version : Vivado v.2019.2 (win64) Build 2708876 Wed Nov  6 21:40:23 MST 2019
| Date         : Sat May  8 14:47:49 2021
| Host         : DESKTOP-8PAFVVI running 64-bit major release  (build 9200)
| Command      : upgrade_ip
| Device       : xc7z020clg400-2
------------------------------------------------------------------------------------

Upgrade Log for IP 'design_1_ad9363_lvds_if_0_0'

1. Summary
----------

SUCCESS in the upgrade of design_1_ad9363_lvds_if_0_0 (xilinx.com:user:ad9363_lvds_if:1.0) from (Rev. 14) to (Rev. 15)






Copyright 1986-2019 Xilinx, Inc. All Rights Reserved.
------------------------------------------------------------------------------------
| Tool Version : Vivado v.2019.2 (win64) Build 2708876 Wed Nov  6 21:40:23 MST 2019
| Date         : Sat May  8 14:19:04 2021
| Host         : DESKTOP-8PAFVVI running 64-bit major release  (build 9200)
| Command      : upgrade_ip
| Device       : xc7z020clg400-2
------------------------------------------------------------------------------------

Upgrade Log for IP 'design_1_ad9363_lvds_if_0_0'

1. Summary
----------

CAUTION (success, with warnings) in the upgrade of design_1_ad9363_lvds_if_0_0 (xilinx.com:user:ad9363_lvds_if:1.0) from (Rev. 13) to (Rev. 14)

After upgrade, an IP may have parameter and port differences compared to the original customization. Please review the parameters within the IP customization GUI to ensure proper functionality. Also, please review the updated IP instantiation template to ensure proper connectivity, and update your design if required.

2. Connection Warnings
----------------------

Detected external port differences while upgrading 'design_1_ad9363_lvds_if_0_0'. These changes may impact your design.


-Upgrade has added port 'adc_data_i1'

-Upgrade has added port 'adc_data_q1'

-Upgrade has added port 'dac_data_i1'

-Upgrade has added port 'dac_data_q1'

-Upgrade has added port 'mode_1r1t'







Copyright 1986-2019 Xilinx, Inc. All Rights Reserved.
------------------------------------------------------------------------------------
| Tool Version : Vivado v.2019.2 (win64) Build 2708876 Wed Nov  6 21:40:23 MST 2019
| Date         : Fri May  7 17:46:57 2021
| Host         : DESKTOP-8PAFVVI running 64-bit major release  (build 9200)
| Command      : upgrade_ip
| Device       : xc7z020clg400-2
------------------------------------------------------------------------------------

Upgrade Log for IP 'design_1_ad9363_lvds_if_0_0'

1. Summary
----------

SUCCESS in the upgrade of design_1_ad9363_lvds_if_0_0 (xilinx.com:user:ad9363_lvds_if:1.0) from (Rev. 12) to (Rev. 13)






Copyright 1986-2019 Xilinx, Inc. All Rights Reserved.
------------------------------------------------------------------------------------
| Tool Version : Vivado v.2019.2 (win64) Build 2708876 Wed Nov  6 21:40:23 MST 2019
| Date         : Fri May  7 17:17:01 2021
| Host         : DESKTOP-8PAFVVI running 64-bit major release  (build 9200)
| Command      : upgrade_ip
| Device       : xc7z020clg400-2
------------------------------------------------------------------------------------

Upgrade Log for IP 'design_1_ad9363_lvds_if_0_0'

1. Summary
----------

SUCCESS in the upgrade of design_1_ad9363_lvds_if_0_0 (xilinx.com:user:ad9363_lvds_if:1.0) from (Rev. 11) to (Rev. 12)






Copyright 1986-2019 Xilinx, Inc. All Rights Reserved.
------------------------------------------------------------------------------------
| Tool Version : Vivado v.2019.2 (win64) Build 2708876 Wed Nov  6 21:40:23 MST 2019
| Date         : Fri May  7 15:55:39 2021
| Host         : DESKTOP-8PAFVVI running 64-bit major release  (build 9200)
| Command      : upgrade_ip
| Device       : xc7z020clg400-2
------------------------------------------------------------------------------------

Upgrade Log for IP 'design_1_ad9363_lvds_if_0_0'

1. Summary
----------

SUCCESS in the upgrade of design_1_ad9363_lvds_if_0_0 (xilinx.com:user:ad9363_lvds_if:1.0) from (Rev. 10) to (Rev. 11)






Copyright 1986-2019 Xilinx, Inc. All Rights Reserved.
------------------------------------------------------------------------------------
| Tool Version : Vivado v.2019.2 (win64) Build 2708876 Wed Nov  6 21:40:23 MST 2019
| Date         : Fri May  7 15:35:29 2021
| Host         : DESKTOP-8PAFVVI running 64-bit major release  (build 9200)
| Command      : upgrade_ip
| Device       : xc7z020clg400-2
------------------------------------------------------------------------------------

Upgrade Log for IP 'design_1_ad9363_lvds_if_0_0'

1. Summary
----------

SUCCESS in the upgrade of design_1_ad9363_lvds_if_0_0 (xilinx.com:user:ad9363_lvds_if:1.0) from (Rev. 9) to (Rev. 10)






Copyright 1986-2019 Xilinx, Inc. All Rights Reserved.
------------------------------------------------------------------------------------
| Tool Version : Vivado v.2019.2 (win64) Build 2708876 Wed Nov  6 21:40:23 MST 2019
| Date         : Fri May  7 15:19:52 2021
| Host         : DESKTOP-8PAFVVI running 64-bit major release  (build 9200)
| Command      : upgrade_ip
| Device       : xc7z020clg400-2
------------------------------------------------------------------------------------

Upgrade Log for IP 'design_1_ad9363_lvds_if_0_0'

1. Summary
----------

SUCCESS in the upgrade of design_1_ad9363_lvds_if_0_0 (xilinx.com:user:ad9363_lvds_if:1.0) from (Rev. 8) to (Rev. 9)






Copyright 1986-2019 Xilinx, Inc. All Rights Reserved.
------------------------------------------------------------------------------------
| Tool Version : Vivado v.2019.2 (win64) Build 2708876 Wed Nov  6 21:40:23 MST 2019
| Date         : Fri May  7 11:05:27 2021
| Host         : DESKTOP-8PAFVVI running 64-bit major release  (build 9200)
| Command      : upgrade_ip
| Device       : xc7z020clg400-2
------------------------------------------------------------------------------------

Upgrade Log for IP 'design_1_ad9363_test_0_0'

1. Summary
----------

SUCCESS in the upgrade of design_1_ad9363_test_0_0 (xilinx.com:user:ad9363_test:1.0) from (Rev. 4) to (Rev. 5)






Copyright 1986-2019 Xilinx, Inc. All Rights Reserved.
------------------------------------------------------------------------------------
| Tool Version : Vivado v.2019.2 (win64) Build 2708876 Wed Nov  6 21:40:23 MST 2019
| Date         : Fri May  7 10:37:57 2021
| Host         : DESKTOP-8PAFVVI running 64-bit major release  (build 9200)
| Command      : upgrade_ip
| Device       : xc7z020clg400-2
------------------------------------------------------------------------------------

Upgrade Log for IP 'design_1_ad9363_test_0_0'

1. Summary
----------

SUCCESS in the upgrade of design_1_ad9363_test_0_0 (xilinx.com:user:ad9363_test:1.0) from (Rev. 3) to (Rev. 4)






Copyright 1986-2019 Xilinx, Inc. All Rights Reserved.
------------------------------------------------------------------------------------
| Tool Version : Vivado v.2019.2 (win64) Build 2708876 Wed Nov  6 21:40:23 MST 2019
| Date         : Fri May  7 09:41:47 2021
| Host         : DESKTOP-8PAFVVI running 64-bit major release  (build 9200)
| Command      : upgrade_ip
| Device       : xc7z020clg400-2
------------------------------------------------------------------------------------

Upgrade Log for IP 'design_1_ad9363_lvds_if_0_0'

1. Summary
----------

SUCCESS in the upgrade of design_1_ad9363_lvds_if_0_0 (xilinx.com:user:ad9363_lvds_if:1.0) from (Rev. 7) to (Rev. 8)






Copyright 1986-2019 Xilinx, Inc. All Rights Reserved.
------------------------------------------------------------------------------------
| Tool Version : Vivado v.2019.2 (win64) Build 2708876 Wed Nov  6 21:40:23 MST 2019
| Date         : Fri May  7 09:27:53 2021
| Host         : DESKTOP-8PAFVVI running 64-bit major release  (build 9200)
| Command      : upgrade_ip
| Device       : xc7z020clg400-2
------------------------------------------------------------------------------------

Upgrade Log for IP 'design_1_ad9363_lvds_if_0_0'

1. Summary
----------

SUCCESS in the upgrade of design_1_ad9363_lvds_if_0_0 (xilinx.com:user:ad9363_lvds_if:1.0) from (Rev. 6) to (Rev. 7)






Copyright 1986-2019 Xilinx, Inc. All Rights Reserved.
------------------------------------------------------------------------------------
| Tool Version : Vivado v.2019.2 (win64) Build 2708876 Wed Nov  6 21:40:23 MST 2019
| Date         : Fri May  7 09:22:08 2021
| Host         : DESKTOP-8PAFVVI running 64-bit major release  (build 9200)
| Command      : upgrade_ip
| Device       : xc7z020clg400-2
------------------------------------------------------------------------------------

Upgrade Log for IP 'design_1_ad9363_test_0_0'

1. Summary
----------

SUCCESS in the upgrade of design_1_ad9363_test_0_0 (xilinx.com:user:ad9363_test:1.0) from (Rev. 2) to (Rev. 3)






Copyright 1986-2019 Xilinx, Inc. All Rights Reserved.
------------------------------------------------------------------------------------
| Tool Version : Vivado v.2019.2 (win64) Build 2708876 Wed Nov  6 21:40:23 MST 2019
| Date         : Fri May  7 09:22:08 2021
| Host         : DESKTOP-8PAFVVI running 64-bit major release  (build 9200)
| Command      : upgrade_ip
| Device       : xc7z020clg400-2
------------------------------------------------------------------------------------

Upgrade Log for IP 'design_1_ad9363_lvds_if_0_0'

1. Summary
----------

SUCCESS in the upgrade of design_1_ad9363_lvds_if_0_0 (xilinx.com:user:ad9363_lvds_if:1.0) from (Rev. 4) to (Rev. 6)






Copyright 1986-2019 Xilinx, Inc. All Rights Reserved.
------------------------------------------------------------------------------------
| Tool Version : Vivado v.2019.2 (win64) Build 2708876 Wed Nov  6 21:40:23 MST 2019
| Date         : Thu May  6 20:04:20 2021
| Host         : DESKTOP-8PAFVVI running 64-bit major release  (build 9200)
| Command      : upgrade_ip
| Device       : xc7z020clg400-2
------------------------------------------------------------------------------------

Upgrade Log for IP 'design_1_ad9363_lvds_if_0_0'

1. Summary
----------

SUCCESS in the upgrade of design_1_ad9363_lvds_if_0_0 (xilinx.com:user:ad9363_lvds_if:1.0) from (Rev. 3) to (Rev. 4)






Copyright 1986-2019 Xilinx, Inc. All Rights Reserved.
------------------------------------------------------------------------------------
| Tool Version : Vivado v.2019.2 (win64) Build 2708876 Wed Nov  6 21:40:23 MST 2019
| Date         : Thu May  6 19:12:55 2021
| Host         : DESKTOP-8PAFVVI running 64-bit major release  (build 9200)
| Command      : upgrade_ip
| Device       : xc7z020clg400-2
------------------------------------------------------------------------------------

Upgrade Log for IP 'design_1_ad9363_lvds_if_0_0'

1. Summary
----------

SUCCESS in the upgrade of design_1_ad9363_lvds_if_0_0 (xilinx.com:user:ad9363_lvds_if:1.0) from (Rev. 2) to (Rev. 3)

